<?xml version="1.0" encoding="UTF-8"?>
<testng-results skipped="0" failed="0" ignored="0" total="1" passed="1">
  <reporter-output>
  </reporter-output>
  <suite name="Suite" duration-ms="14188" started-at="2019-01-21T10:40:27Z" finished-at="2019-01-21T10:40:41Z">
    <groups>
    </groups>
    <test name="Test" duration-ms="14188" started-at="2019-01-21T10:40:27Z" finished-at="2019-01-21T10:40:41Z">
      <class name="demojava.Hello">
        <test-method status="PASS" signature="print()[pri:0, instance:demojava.Hello@1bc6a36e]" name="print" duration-ms="14163" started-at="2019-01-21T10:40:27Z" finished-at="2019-01-21T10:40:41Z">
          <reporter-output>
          </reporter-output>
        </test-method> <!-- print -->
      </class> <!-- demojava.Hello -->
    </test> <!-- Test -->
  </suite> <!-- Suite -->
</testng-results>
